\BOOKMARK [1][]{section.1}{\376\377\116\000\060\001\000\040\225\356\230\230\166\204\143\320\121\372\116\016\221\315\217\360}{}% 1
\BOOKMARK [2][]{subsection.1.1}{\376\377\0001\000.\0001\000\040\225\356\230\230\166\204\143\320\121\372}{section.1}% 2
\BOOKMARK [2][]{subsection.1.2}{\376\377\0001\000.\0002\000\040\225\356\230\230\166\204\221\315\217\360}{section.1}% 3
\BOOKMARK [1][]{section.2}{\376\377\116\214\060\001\000\040\225\356\230\230\122\006\147\220}{}% 4
\BOOKMARK [2][]{subsection.2.1}{\376\377\0002\000.\0001\000\040\225\356\230\230\116\000\166\204\122\006\147\220}{section.2}% 5
\BOOKMARK [1][]{section.3}{\376\377\116\011\060\001\000\040\152\041\127\213\120\107\213\276}{}% 6
\BOOKMARK [2][]{subsection.3.1}{\376\377\0003\000.\0001\000\040\225\356\230\230\116\000\166\204\120\107\213\276}{section.3}% 7
\BOOKMARK [2][]{subsection.3.2}{\376\377\0003\000.\0002\000\040\225\356\230\230\116\214\166\204\120\107\213\276}{section.3}% 8
\BOOKMARK [2][]{subsection.3.3}{\376\377\0003\000.\0003\000\040\225\356\230\230\116\011\166\204\120\107\213\276}{section.3}% 9
\BOOKMARK [1][]{section.4}{\376\377\126\333\060\001\000\040\173\046\123\367\213\364\146\016}{}% 10
\BOOKMARK [1][]{section.5}{\376\377\116\224\060\001\000\040\145\160\143\156\117\247\121\231}{}% 11
\BOOKMARK [2][]{subsection.5.1}{\376\377\0005\000.\0001\000\040\127\060\127\127\116\016\227\142\171\357\122\006\136\003}{section.5}% 12
\BOOKMARK [2][]{subsection.5.2}{\376\377\0005\000.\0002\000\040\124\004\174\173\127\213\117\134\162\151\136\163\127\107\116\251\116\247\221\317\122\006\147\220}{section.5}% 13
\BOOKMARK [1][]{section.6}{\376\377\121\155\060\001\000\040\121\306\131\007\135\345\117\134\000/\230\204\131\004\164\006}{}% 14
\BOOKMARK [2][]{subsection.6.1}{\376\377\0006\000.\0001\000\040\000.\000c\000s\000v\145\207\116\366\166\204\165\037\142\020}{section.6}% 15
\BOOKMARK [2][]{subsection.6.2}{\376\377\0006\000.\0002\000\040\000f\000u\000l\000l\000\137\000t\000a\000b\000l\000e\000.\000c\000s\000v\166\204\165\037\142\020}{section.6}% 16
\BOOKMARK [2][]{subsection.6.3}{\376\377\0006\000.\0003\000\040\226\104\116\366\0001\000\137\116\141\147\121\171\315\151\015\166\204\121\234\117\134\162\151\000.\000c\000s\000v\000\040\166\204\150\074\137\017\117\030\123\026}{section.6}% 17
\BOOKMARK [1][]{section.7}{\376\377\116\003\060\001\000\040\152\041\127\213\166\204\136\372\172\313\116\016\154\102\211\343}{}% 18
\BOOKMARK [2][]{subsection.7.1}{\376\377\0007\000.\0001\000\040\225\356\230\230\116\000\152\041\127\213\166\204\136\372\172\313\116\016\154\102\211\343}{section.7}% 19
\BOOKMARK [3][]{subsubsection.7.1.1}{\376\377\0007\000.\0001\000.\0001\000\040\152\041\127\213\166\204\136\372\172\313}{subsection.7.1}% 20
\BOOKMARK [3][]{subsubsection.7.1.2}{\376\377\0007\000.\0001\000.\0002\000\040\152\041\127\213\166\204\154\102\211\343}{subsection.7.1}% 21
\BOOKMARK [1][]{section*.3}{\376\377\123\302\200\003\145\207\163\056}{}% 22
